c:\users\francisco u\documents\github\proyecto1-prograavanzada\stackpropio\stackpropio\x64\debug\vc143.pdb
c:\users\francisco u\documents\github\proyecto1-prograavanzada\stackpropio\stackpropio\x64\debug\.netframework,version=v4.8.assemblyattributes.obj
c:\users\francisco u\documents\github\proyecto1-prograavanzada\stackpropio\stackpropio\x64\debug\pila.obj
c:\users\francisco u\documents\github\proyecto1-prograavanzada\stackpropio\stackpropio\x64\debug\node.obj
c:\users\francisco u\documents\github\proyecto1-prograavanzada\stackpropio\stackpropio\x64\debug\mainform.obj
c:\users\francisco u\documents\github\proyecto1-prograavanzada\stackpropio\stackpropio\x64\debug\cola.obj
c:\users\francisco u\documents\github\proyecto1-prograavanzada\stackpropio\x64\debug\stackpropio.exe
c:\users\francisco u\documents\github\proyecto1-prograavanzada\stackpropio\x64\debug\stackpropio.pdb
c:\users\francisco u\documents\github\proyecto1-prograavanzada\stackpropio\stackpropio\x64\debug\stackpropio.vcxproj.suggestedbindingredirects.cache
c:\users\francisco u\documents\github\proyecto1-prograavanzada\stackpropio\stackpropio\x64\debug\stackpropio.tlog\cl.command.1.tlog
c:\users\francisco u\documents\github\proyecto1-prograavanzada\stackpropio\stackpropio\x64\debug\stackpropio.tlog\cl.items.tlog
c:\users\francisco u\documents\github\proyecto1-prograavanzada\stackpropio\stackpropio\x64\debug\stackpropio.tlog\cl.read.1.tlog
c:\users\francisco u\documents\github\proyecto1-prograavanzada\stackpropio\stackpropio\x64\debug\stackpropio.tlog\cl.write.1.tlog
c:\users\francisco u\documents\github\proyecto1-prograavanzada\stackpropio\stackpropio\x64\debug\stackpropio.tlog\link.command.1.tlog
c:\users\francisco u\documents\github\proyecto1-prograavanzada\stackpropio\stackpropio\x64\debug\stackpropio.tlog\link.read.1.tlog
c:\users\francisco u\documents\github\proyecto1-prograavanzada\stackpropio\stackpropio\x64\debug\stackpropio.tlog\link.write.1.tlog
c:\users\francisco u\documents\github\proyecto1-prograavanzada\stackpropio\stackpropio\x64\debug\stackpropio.tlog\metagen.read.1.tlog
c:\users\francisco u\documents\github\proyecto1-prograavanzada\stackpropio\stackpropio\x64\debug\stackpropio.tlog\metagen.write.1.tlog
c:\users\francisco u\documents\github\proyecto1-prograavanzada\stackpropio\stackpropio\x64\debug\stackpropio.tlog\resgen.command.1.tlog
c:\users\francisco u\documents\github\proyecto1-prograavanzada\stackpropio\stackpropio\x64\debug\stackpropio.tlog\resgen.read.1.tlog
c:\users\francisco u\documents\github\proyecto1-prograavanzada\stackpropio\stackpropio\x64\debug\stackpropio.tlog\resgen.write.1.tlog
